connect callback, rc=0
Start flag detected
End flag detected
Length of received packet: 136
Send MQTT Topic
Start flag detected
End flag detected
Length of received packet: 132
Send MQTT Topic
Start flag detected
End flag detected
Length of received packet: 136
Send MQTT Topic
Start flag detected
End flag detected
Length of received packet: 132
Send MQTT Topic
Start flag detected
End flag detected
Length of received packet: 136
Send MQTT Topic
Start flag detected
End flag detected
Length of received packet: 132
Send MQTT Topic
Start flag detected
End flag detected
Length of received packet: 136
Send MQTT Topic
Start flag detected
End flag detected
Length of received packet: 136
Send MQTT Topic
Start flag detected
End flag detected
Length of received packet: 132
Send MQTT Topic
Start flag detected
End flag detected
Length of received packet: 136
Send MQTT Topic
connect callback, rc=0
Start flag detected
End flag detected
Length of received packet: 136
Send MQTT Topic
